<?xml version="1.0" encoding="UTF-8"?>
<!-- Generated by org.testng.reporters.JUnitReportReporter -->
<testsuite hostname="LAPTOP-DCSLAHO4" failures="0" tests="1" name="neoStockTestClasses.ValidateWatchList" time="12.902" errors="0" timestamp="2023-01-15T12:15:59 IST" skipped="0">
  <testcase classname="neoStockTestClasses.ValidateWatchList" name="watchListOfNeostaock" time="12.902"/>
  <system-out/>
</testsuite> <!-- neoStockTestClasses.ValidateWatchList -->
