<?xml version="1.0" encoding="UTF-8"?>
<!-- Generated by org.testng.reporters.JUnitReportReporter -->
<testsuite hostname="LAPTOP-DCSLAHO4" failures="0" tests="6" name="neoStockTestClasses.ValidateNeoStockUserName2_data_Provider" time="125.300" errors="0" timestamp="2023-01-14T00:19:59 IST" skipped="0">
  <testcase classname="neoStockTestClasses.ValidateNeoStockUserName2_data_Provider" name="ValidateAccountBalance" time="37.119"/>
  <system-out>
    <![CDATA[Clicking on SignIn Button
Wait for time is:1000ms
Entering Mobile No.
Clicking on signIn Button
Wait for time is:1000ms
Entring password
Clicking on submit Button
Wait for time is:5000ms
Ok Popup handle
Close Popup handle
Wait for time is:0ms
Getting account balance
Account balance is :Rs.5,00,000.00
LogOut From NeoStock Accout
TCValidateAccountBalance pass]]>
  </system-out>
  <testcase classname="neoStockTestClasses.ValidateNeoStockUserName2_data_Provider" name="ValidateUserName" time="18.633"/>
  <system-out>
    <![CDATA[Clicking on SignIn Button
Wait for time is:1000ms
Entering Mobile No.
Clicking on signIn Button
Wait for time is:1000ms
Entring password
Clicking on submit Button
Wait for time is:5000ms
Ok Popup handle
Close Popup handle
Wait for time is:0ms
Getting Actual Username
actualUserName is :Hi Rajendra Patil
LogOut From NeoStock Accout
TCValidateUserName pass]]>
  </system-out>
  <testcase classname="neoStockTestClasses.ValidateNeoStockUserName2_data_Provider" name="ValidateUserName" time="18.146"/>
  <system-out>
    <![CDATA[Clicking on SignIn Button
Wait for time is:1000ms
Entering Mobile No.
Clicking on signIn Button
Wait for time is:1000ms
Entring password
Clicking on submit Button
Wait for time is:5000ms
Ok Popup handle
Close Popup handle
Wait for time is:0ms
Getting Actual Username
actualUserName is :Hi Mangesh Ingale
LogOut From NeoStock Accout
TCValidateUserName pass]]>
  </system-out>
  <testcase classname="neoStockTestClasses.ValidateNeoStockUserName2_data_Provider" name="ValidateAccountBalance" time="16.566"/>
  <system-out>
    <![CDATA[Clicking on SignIn Button
Wait for time is:1000ms
Entering Mobile No.
Clicking on signIn Button
Wait for time is:1000ms
Entring password
Clicking on submit Button
Wait for time is:5000ms
Ok Popup handle
Close Popup handle
Wait for time is:0ms
Getting account balance
Account balance is :Rs.4,99,985.17
LogOut From NeoStock Accout
TCValidateAccountBalance pass]]>
  </system-out>
  <testcase classname="neoStockTestClasses.ValidateNeoStockUserName2_data_Provider" name="ValidateUserName" time="18.330"/>
  <system-out>
    <![CDATA[Clicking on SignIn Button
Wait for time is:1000ms
Entering Mobile No.
Clicking on signIn Button
Wait for time is:1000ms
Entring password
Clicking on submit Button
Wait for time is:5000ms
Ok Popup handle
Close Popup handle
Wait for time is:0ms
Getting Actual Username
actualUserName is :Hi Umesh Nikam
LogOut From NeoStock Accout
TCValidateUserName pass]]>
  </system-out>
  <testcase classname="neoStockTestClasses.ValidateNeoStockUserName2_data_Provider" name="ValidateAccountBalance" time="16.506"/>
  <system-out>
    <![CDATA[Clicking on SignIn Button
Wait for time is:1000ms
Entering Mobile No.
Clicking on signIn Button
Wait for time is:1000ms
Entring password
Clicking on submit Button
Wait for time is:5000ms
Ok Popup handle
Close Popup handle
Wait for time is:0ms
Getting account balance
Account balance is :Rs.4,99,014.20
LogOut From NeoStock Accout
TCValidateAccountBalance pass]]>
  </system-out>
</testsuite> <!-- neoStockTestClasses.ValidateNeoStockUserName2_data_Provider -->
