<?xml version="1.0" encoding="UTF-8"?>
<!-- Generated by org.testng.reporters.JUnitReportReporter -->
<testsuite hostname="LAPTOP-DCSLAHO4" failures="0" tests="2" name="neoStockTestClasses.ValidateMobileErrorMsg" time="11.110" errors="0" timestamp="2023-01-14T23:44:57 IST" skipped="0">
  <testcase classname="neoStockTestClasses.ValidateMobileErrorMsg" name="validateMobileError2" time="4.826"/>
  <system-out>
    <![CDATA[Entering Mobile No.
Clicking on signIn Button
TCvalidateMobileError2 pass]]>
  </system-out>
  <testcase classname="neoStockTestClasses.ValidateMobileErrorMsg" name="validateMobileError1" time="6.284"/>
  <system-out>
    <![CDATA[Clicking on signIn Button
TCvalidateMobileError1 pass]]>
  </system-out>
</testsuite> <!-- neoStockTestClasses.ValidateMobileErrorMsg -->
