<?xml version="1.0" encoding="UTF-8"?>
<!-- Generated by org.testng.reporters.JUnitReportReporter -->
<testsuite hostname="LAPTOP-DCSLAHO4" failures="0" tests="1" name="neoStockTestClasses.ValidateMobileNo" time="8.750" errors="0" timestamp="2023-01-14T23:30:35 IST" skipped="0">
  <testcase classname="neoStockTestClasses.ValidateMobileNo" name="validateMobile" time="8.750"/>
  <system-out>
    <![CDATA[TCvalidateMobile pass]]>
  </system-out>
</testsuite> <!-- neoStockTestClasses.ValidateMobileNo -->
