<?xml version="1.0" encoding="UTF-8"?>
<!-- Generated by org.testng.reporters.JUnitReportReporter -->
<testsuite hostname="LAPTOP-DCSLAHO4" failures="0" tests="2" name="neoStockTestClasses.ValidateNeoStockUserName" time="34.050" errors="0" timestamp="2023-01-14T00:17:41 IST" skipped="0">
  <testcase classname="neoStockTestClasses.ValidateNeoStockUserName" name="ValidateAccountBalance" time="19.350"/>
  <system-out>
    <![CDATA[Getting account balance
Account balance is :Rs.4,99,014.20
TCValidateAccountBalance pass]]>
  </system-out>
  <testcase classname="neoStockTestClasses.ValidateNeoStockUserName" name="ValidateUserName" time="14.700"/>
  <system-out>
    <![CDATA[Getting Actual Username
actualUserName is :Hi Umesh Nikam
Reading from ExcelSheet Row is:0Reading from ExcelSheet Cell is:2
Data is:Hi Umesh Nikam
Taking ScreenShots
ScreenShot Taken & save it as :C:\Automation_Velocity\Selenium\screenshot\TCID453.png
TCValidateUserName pass]]>
  </system-out>
</testsuite> <!-- neoStockTestClasses.ValidateNeoStockUserName -->
